{
  "PROJECT_ROOT/src/orders.ts": {
    "path": "PROJECT_ROOT/src/orders.ts",
    "statementMap": {
      "0": { "start": { "line": 2 }, "end": { "line": 2 } },
      "1": { "start": { "line": 3 }, "end": { "line": 3 } },
      "2": { "start": { "line": 5 }, "end": { "line": 5 } },
      "3": { "start": { "line": 7 }, "end": { "line": 7 } },
      "4": { "start": { "line": 10 }, "end": { "line": 10 } },
      "5": { "start": { "line": 14 }, "end": { "line": 14 } }
    },
    "s": { "0": 0, "1": 0, "2": 0, "3": 0, "4": 0, "5": 3 }
  }
}
